<?xml version="1.0" encoding="UTF-8"?>
<testsuite name="TestSuite" time="83.02" tests="3" errors="0" skipped="0" failures="0">
  <properties>
[...]
</properties>
  <testcase name="websiteLogin" classname="com.moneycontrol.TestCases.TestCase_MoneyControl" time="49.993"/>
  <testcase name="getStockMyWatchList" classname="com.moneycontrol.TestCases.TestCase_MoneyControl" time="25.57"/>
  <testcase name="writingInToExcel" classname="com.moneycontrol.TestCases.TestCase_MoneyControl" time="7.457"/>
</testsuite>