<?xml version="1.0" encoding="UTF-8"?>
<testng-results skipped="0" failed="0" ignored="0" total="1" passed="1">
  <reporter-output>
  </reporter-output>
  <suite name="Default suite" duration-ms="39286" started-at="2018-08-19T11:37:29Z" finished-at="2018-08-19T11:38:08Z">
    <groups>
    </groups>
    <test name="Default test" duration-ms="39286" started-at="2018-08-19T11:37:29Z" finished-at="2018-08-19T11:38:08Z">
      <class name="com.moneycontrol.RoughWork.Login">
        <test-method status="PASS" signature="siteLogin()[pri:0, instance:com.moneycontrol.RoughWork.Login@13a4b84]" name="siteLogin" duration-ms="39210" started-at="2018-08-19T17:07:29Z" finished-at="2018-08-19T17:08:08Z">
          <reporter-output>
          </reporter-output>
        </test-method> <!-- siteLogin -->
      </class> <!-- com.moneycontrol.RoughWork.Login -->
    </test> <!-- Default test -->
  </suite> <!-- Default suite -->
</testng-results>
